0 info it worked if it ends with ok
1 verbose cli [ '/home/cristian.campos/.nvm/versions/node/v8.4.0/bin/node',
1 verbose cli   '/home/cristian.campos/.nvm/versions/node/v8.4.0/bin/npm',
1 verbose cli   'start' ]
2 info using npm@3.10.10
3 info using node@v8.4.0
4 verbose run-script [ 'prestart', 'start', 'poststart' ]
5 info lifecycle frontend@1.0.0~prestart: frontend@1.0.0
6 silly lifecycle frontend@1.0.0~prestart: no script for prestart, continuing
7 info lifecycle frontend@1.0.0~start: frontend@1.0.0
8 verbose lifecycle frontend@1.0.0~start: unsafe-perm in lifecycle true
9 verbose lifecycle frontend@1.0.0~start: PATH: /home/cristian.campos/.nvm/versions/node/v8.4.0/lib/node_modules/npm/bin/node-gyp-bin:/home/cristian.campos/Documents/projects/frontend/node_modules/.bin:/home/cristian.campos/.nvm/versions/node/v8.4.0/bin:/usr/local/sbin:/usr/local/bin:/usr/sbin:/usr/bin:/sbin:/bin:/usr/games:/usr/local/games:/snap/bin:/usr/lib/jvm/java-8-oracle/bin:/usr/lib/jvm/java-8-oracle/db/bin:/usr/lib/jvm/java-8-oracle/jre/bin
10 verbose lifecycle frontend@1.0.0~start: CWD: /home/cristian.campos/Documents/projects/frontend
11 silly lifecycle frontend@1.0.0~start: Args: [ '-c', 'webpack --watch --config webpack.config.js' ]
12 silly lifecycle frontend@1.0.0~start: Returned: code: 1  signal: null
13 info lifecycle frontend@1.0.0~start: Failed to exec start script
14 verbose stack Error: frontend@1.0.0 start: `webpack --watch --config webpack.config.js`
14 verbose stack Exit status 1
14 verbose stack     at EventEmitter.<anonymous> (/home/cristian.campos/.nvm/versions/node/v8.4.0/lib/node_modules/npm/lib/utils/lifecycle.js:255:16)
14 verbose stack     at emitTwo (events.js:125:13)
14 verbose stack     at EventEmitter.emit (events.js:213:7)
14 verbose stack     at ChildProcess.<anonymous> (/home/cristian.campos/.nvm/versions/node/v8.4.0/lib/node_modules/npm/lib/utils/spawn.js:40:14)
14 verbose stack     at emitTwo (events.js:125:13)
14 verbose stack     at ChildProcess.emit (events.js:213:7)
14 verbose stack     at maybeClose (internal/child_process.js:927:16)
14 verbose stack     at Process.ChildProcess._handle.onexit (internal/child_process.js:211:5)
15 verbose pkgid frontend@1.0.0
16 verbose cwd /home/cristian.campos/Documents/projects/frontend
17 error Linux 4.4.0-104-generic
18 error argv "/home/cristian.campos/.nvm/versions/node/v8.4.0/bin/node" "/home/cristian.campos/.nvm/versions/node/v8.4.0/bin/npm" "start"
19 error node v8.4.0
20 error npm  v3.10.10
21 error code ELIFECYCLE
22 error frontend@1.0.0 start: `webpack --watch --config webpack.config.js`
22 error Exit status 1
23 error Failed at the frontend@1.0.0 start script 'webpack --watch --config webpack.config.js'.
23 error Make sure you have the latest version of node.js and npm installed.
23 error If you do, this is most likely a problem with the frontend package,
23 error not with npm itself.
23 error Tell the author that this fails on your system:
23 error     webpack --watch --config webpack.config.js
23 error You can get information on how to open an issue for this project with:
23 error     npm bugs frontend
23 error Or if that isn't available, you can get their info via:
23 error     npm owner ls frontend
23 error There is likely additional logging output above.
24 verbose exit [ 1, true ]
